<?xml version="1.0" encoding="UTF-8"?>
<!-- Generated by org.testng.reporters.JUnitReportReporter -->
<testsuite hostname="Dharshini" failures="0" tests="3" name="UserInterface.TestSuiteExample" time="3.548" errors="0" timestamp="2022-02-28T07:49:31 IST" skipped="0">
  <testcase classname="UserInterface.TestSuiteExample" name="OpenChrome" time="0.951"/>
  <system-out/>
  <testcase classname="UserInterface.TestSuiteExample" name="OpenGmail" time="1.880"/>
  <system-out/>
  <testcase classname="UserInterface.TestSuiteExample" name="OpenYahoo" time="0.717"/>
  <system-out/>
</testsuite> <!-- UserInterface.TestSuiteExample -->
